[2022-04-06 18:37:38] local.ERROR: SQLSTATE[HY000] [1045] Access denied for user 'YOUR_DATABASE_USERNAME'@'localhost' (using password: YES) (SQL: select * from information_schema.tables where table_schema = YOUR_DATABASE_NAME and table_name = users) {"exception":"[object] (Illuminate\\Database\\QueryException(code: 1045): SQLSTATE[HY000] [1045] Access denied for user 'YOUR_DATABASE_USERNAME'@'localhost' (using password: YES) (SQL: select * from information_schema.tables where table_schema = YOUR_DATABASE_NAME and table_name = users) at E:\\semester 8\\CSE470\\470 project\\worketic\\vendor\\laravel\\framework\\src\\Illuminate\\Database\\Connection.php:664, Doctrine\\DBAL\\Driver\\PDOException(code: 1045): SQLSTATE[HY000] [1045] Access denied for user 'YOUR_DATABASE_USERNAME'@'localhost' (using password: YES) at E:\\semester 8\\CSE470\\470 project\\worketic\\vendor\\doctrine\\dbal\\lib\\Doctrine\\DBAL\\Driver\\PDOConnection.php:31, PDOException(code: 1045): SQLSTATE[HY000] [1045] Access denied for user 'YOUR_DATABASE_USERNAME'@'localhost' (using password: YES) at E:\\semester 8\\CSE470\\470 project\\worketic\\vendor\\doctrine\\dbal\\lib\\Doctrine\\DBAL\\Driver\\PDOConnection.php:27)
[stacktrace]
#0 E:\\semester 8\\CSE470\\470 project\\worketic\\vendor\\laravel\\framework\\src\\Illuminate\\Database\\Connection.php(624): Illuminate\\Database\\Connection->runQueryCallback('select * from i...', Array, Object(Closure))
#1 E:\\semester 8\\CSE470\\470 project\\worketic\\vendor\\laravel\\framework\\src\\Illuminate\\Database\\Connection.php(333): Illuminate\\Database\\Connection->run('select * from i...', Array, Object(Closure))
#2 E:\\semester 8\\CSE470\\470 project\\worketic\\vendor\\laravel\\framework\\src\\Illuminate\\Database\\Schema\\MySqlBuilder.php(18): Illuminate\\Database\\Connection->select('select * from i...', Array)
#3 E:\\semester 8\\CSE470\\470 project\\worketic\\vendor\\laravel\\framework\\src\\Illuminate\\Support\\Facades\\Facade.php(237): Illuminate\\Database\\Schema\\MySqlBuilder->hasTable('users')
#4 E:\\semester 8\\CSE470\\470 project\\worketic\outes\\web.php(35): Illuminate\\Support\\Facades\\Facade::__callStatic('hasTable', Array)
#5 E:\\semester 8\\CSE470\\470 project\\worketic\\vendor\\laravel\\framework\\src\\Illuminate\\Routing\\Router.php(417): require('E:\\\\semester 8\\\\C...')
#6 E:\\semester 8\\CSE470\\470 project\\worketic\\vendor\\laravel\\framework\\src\\Illuminate\\Routing\\Router.php(373): Illuminate\\Routing\\Router->loadRoutes('E:\\\\semester 8\\\\C...')
#7 E:\\semester 8\\CSE470\\470 project\\worketic\\vendor\\laravel\\framework\\src\\Illuminate\\Routing\\RouteRegistrar.php(121): Illuminate\\Routing\\Router->group(Array, 'E:\\\\semester 8\\\\C...')
#8 E:\\semester 8\\CSE470\\470 project\\worketic\\app\\Providers\\RouteServiceProvider.php(56): Illuminate\\Routing\\RouteRegistrar->group('E:\\\\semester 8\\\\C...')
#9 E:\\semester 8\\CSE470\\470 project\\worketic\\app\\Providers\\RouteServiceProvider.php(40): App\\Providers\\RouteServiceProvider->mapWebRoutes()
#10 [internal function]: App\\Providers\\RouteServiceProvider->map()
#11 E:\\semester 8\\CSE470\\470 project\\worketic\\vendor\\laravel\\framework\\src\\Illuminate\\Container\\BoundMethod.php(29): call_user_func_array(Array, Array)
#12 E:\\semester 8\\CSE470\\470 project\\worketic\\vendor\\laravel\\framework\\src\\Illuminate\\Container\\BoundMethod.php(87): Illuminate\\Container\\BoundMethod::Illuminate\\Container\\{closure}()
#13 E:\\semester 8\\CSE470\\470 project\\worketic\\vendor\\laravel\\framework\\src\\Illuminate\\Container\\BoundMethod.php(31): Illuminate\\Container\\BoundMethod::callBoundMethod(Object(Illuminate\\Foundation\\Application), Array, Object(Closure))
#14 E:\\semester 8\\CSE470\\470 project\\worketic\\vendor\\laravel\\framework\\src\\Illuminate\\Container\\Container.php(572): Illuminate\\Container\\BoundMethod::call(Object(Illuminate\\Foundation\\Application), Array, Array, NULL)
#15 E:\\semester 8\\CSE470\\470 project\\worketic\\vendor\\laravel\\framework\\src\\Illuminate\\Foundation\\Support\\Providers\\RouteServiceProvider.php(77): Illuminate\\Container\\Container->call(Array)
#16 E:\\semester 8\\CSE470\\470 project\\worketic\\vendor\\laravel\\framework\\src\\Illuminate\\Foundation\\Support\\Providers\\RouteServiceProvider.php(36): Illuminate\\Foundation\\Support\\Providers\\RouteServiceProvider->loadRoutes()
#17 E:\\semester 8\\CSE470\\470 project\\worketic\\app\\Providers\\RouteServiceProvider.php(28): Illuminate\\Foundation\\Support\\Providers\\RouteServiceProvider->boot()
#18 [internal function]: App\\Providers\\RouteServiceProvider->boot()
#19 E:\\semester 8\\CSE470\\470 project\\worketic\\vendor\\laravel\\framework\\src\\Illuminate\\Container\\BoundMethod.php(29): call_user_func_array(Array, Array)
#20 E:\\semester 8\\CSE470\\470 project\\worketic\\vendor\\laravel\\framework\\src\\Illuminate\\Container\\BoundMethod.php(87): Illuminate\\Container\\BoundMethod::Illuminate\\Container\\{closure}()
#21 E:\\semester 8\\CSE470\\470 project\\worketic\\vendor\\laravel\\framework\\src\\Illuminate\\Container\\BoundMethod.php(31): Illuminate\\Container\\BoundMethod::callBoundMethod(Object(Illuminate\\Foundation\\Application), Array, Object(Closure))
#22 E:\\semester 8\\CSE470\\470 project\\worketic\\vendor\\laravel\\framework\\src\\Illuminate\\Container\\Container.php(572): Illuminate\\Container\\BoundMethod::call(Object(Illuminate\\Foundation\\Application), Array, Array, NULL)
#23 E:\\semester 8\\CSE470\\470 project\\worketic\\vendor\\laravel\\framework\\src\\Illuminate\\Foundation\\Application.php(819): Illuminate\\Container\\Container->call(Array)
#24 E:\\semester 8\\CSE470\\470 project\\worketic\\vendor\\laravel\\framework\\src\\Illuminate\\Foundation\\Application.php(802): Illuminate\\Foundation\\Application->bootProvider(Object(App\\Providers\\RouteServiceProvider))
#25 [internal function]: Illuminate\\Foundation\\Application->Illuminate\\Foundation\\{closure}(Object(App\\Providers\\RouteServiceProvider), 35)
#26 E:\\semester 8\\CSE470\\470 project\\worketic\\vendor\\laravel\\framework\\src\\Illuminate\\Foundation\\Application.php(803): array_walk(Array, Object(Closure))
#27 E:\\semester 8\\CSE470\\470 project\\worketic\\vendor\\laravel\\framework\\src\\Illuminate\\Foundation\\Bootstrap\\BootProviders.php(17): Illuminate\\Foundation\\Application->boot()
#28 E:\\semester 8\\CSE470\\470 project\\worketic\\vendor\\laravel\\framework\\src\\Illuminate\\Foundation\\Application.php(211): Illuminate\\Foundation\\Bootstrap\\BootProviders->bootstrap(Object(Illuminate\\Foundation\\Application))
#29 E:\\semester 8\\CSE470\\470 project\\worketic\\vendor\\laravel\\framework\\src\\Illuminate\\Foundation\\Console\\Kernel.php(297): Illuminate\\Foundation\\Application->bootstrapWith(Array)
#30 E:\\semester 8\\CSE470\\470 project\\worketic\\vendor\\laravel\\framework\\src\\Illuminate\\Foundation\\Console\\Kernel.php(120): Illuminate\\Foundation\\Console\\Kernel->bootstrap()
#31 E:\\semester 8\\CSE470\\470 project\\worketic\\artisan(37): Illuminate\\Foundation\\Console\\Kernel->handle(Object(Symfony\\Component\\Console\\Input\\ArgvInput), Object(Symfony\\Component\\Console\\Output\\ConsoleOutput))
#32 {main}
"} 
[2022-04-06 20:10:09] local.ERROR: SQLSTATE[HY000] [1045] Access denied for user 'YOUR_DATABASE_USERNAME'@'localhost' (using password: YES) (SQL: select * from information_schema.tables where table_schema = YOUR_DATABASE_NAME and table_name = users) {"exception":"[object] (Illuminate\\Database\\QueryException(code: 1045): SQLSTATE[HY000] [1045] Access denied for user 'YOUR_DATABASE_USERNAME'@'localhost' (using password: YES) (SQL: select * from information_schema.tables where table_schema = YOUR_DATABASE_NAME and table_name = users) at E:\\semester 8\\CSE470\\470 project\\worketic\\vendor\\laravel\\framework\\src\\Illuminate\\Database\\Connection.php:664, Doctrine\\DBAL\\Driver\\PDOException(code: 1045): SQLSTATE[HY000] [1045] Access denied for user 'YOUR_DATABASE_USERNAME'@'localhost' (using password: YES) at E:\\semester 8\\CSE470\\470 project\\worketic\\vendor\\doctrine\\dbal\\lib\\Doctrine\\DBAL\\Driver\\PDOConnection.php:31, PDOException(code: 1045): SQLSTATE[HY000] [1045] Access denied for user 'YOUR_DATABASE_USERNAME'@'localhost' (using password: YES) at E:\\semester 8\\CSE470\\470 project\\worketic\\vendor\\doctrine\\dbal\\lib\\Doctrine\\DBAL\\Driver\\PDOConnection.php:27)
[stacktrace]
#0 E:\\semester 8\\CSE470\\470 project\\worketic\\vendor\\laravel\\framework\\src\\Illuminate\\Database\\Connection.php(624): Illuminate\\Database\\Connection->runQueryCallback('select * from i...', Array, Object(Closure))
#1 E:\\semester 8\\CSE470\\470 project\\worketic\\vendor\\laravel\\framework\\src\\Illuminate\\Database\\Connection.php(333): Illuminate\\Database\\Connection->run('select * from i...', Array, Object(Closure))
#2 E:\\semester 8\\CSE470\\470 project\\worketic\\vendor\\laravel\\framework\\src\\Illuminate\\Database\\Schema\\MySqlBuilder.php(18): Illuminate\\Database\\Connection->select('select * from i...', Array)
#3 E:\\semester 8\\CSE470\\470 project\\worketic\\vendor\\laravel\\framework\\src\\Illuminate\\Support\\Facades\\Facade.php(237): Illuminate\\Database\\Schema\\MySqlBuilder->hasTable('users')
#4 E:\\semester 8\\CSE470\\470 project\\worketic\outes\\web.php(35): Illuminate\\Support\\Facades\\Facade::__callStatic('hasTable', Array)
#5 E:\\semester 8\\CSE470\\470 project\\worketic\\vendor\\laravel\\framework\\src\\Illuminate\\Routing\\Router.php(417): require('E:\\\\semester 8\\\\C...')
#6 E:\\semester 8\\CSE470\\470 project\\worketic\\vendor\\laravel\\framework\\src\\Illuminate\\Routing\\Router.php(373): Illuminate\\Routing\\Router->loadRoutes('E:\\\\semester 8\\\\C...')
#7 E:\\semester 8\\CSE470\\470 project\\worketic\\vendor\\laravel\\framework\\src\\Illuminate\\Routing\\RouteRegistrar.php(121): Illuminate\\Routing\\Router->group(Array, 'E:\\\\semester 8\\\\C...')
#8 E:\\semester 8\\CSE470\\470 project\\worketic\\app\\Providers\\RouteServiceProvider.php(56): Illuminate\\Routing\\RouteRegistrar->group('E:\\\\semester 8\\\\C...')
#9 E:\\semester 8\\CSE470\\470 project\\worketic\\app\\Providers\\RouteServiceProvider.php(40): App\\Providers\\RouteServiceProvider->mapWebRoutes()
#10 [internal function]: App\\Providers\\RouteServiceProvider->map()
#11 E:\\semester 8\\CSE470\\470 project\\worketic\\vendor\\laravel\\framework\\src\\Illuminate\\Container\\BoundMethod.php(29): call_user_func_array(Array, Array)
#12 E:\\semester 8\\CSE470\\470 project\\worketic\\vendor\\laravel\\framework\\src\\Illuminate\\Container\\BoundMethod.php(87): Illuminate\\Container\\BoundMethod::Illuminate\\Container\\{closure}()
#13 E:\\semester 8\\CSE470\\470 project\\worketic\\vendor\\laravel\\framework\\src\\Illuminate\\Container\\BoundMethod.php(31): Illuminate\\Container\\BoundMethod::callBoundMethod(Object(Illuminate\\Foundation\\Application), Array, Object(Closure))
#14 E:\\semester 8\\CSE470\\470 project\\worketic\\vendor\\laravel\\framework\\src\\Illuminate\\Container\\Container.php(572): Illuminate\\Container\\BoundMethod::call(Object(Illuminate\\Foundation\\Application), Array, Array, NULL)
#15 E:\\semester 8\\CSE470\\470 project\\worketic\\vendor\\laravel\\framework\\src\\Illuminate\\Foundation\\Support\\Providers\\RouteServiceProvider.php(77): Illuminate\\Container\\Container->call(Array)
#16 E:\\semester 8\\CSE470\\470 project\\worketic\\vendor\\laravel\\framework\\src\\Illuminate\\Foundation\\Support\\Providers\\RouteServiceProvider.php(36): Illuminate\\Foundation\\Support\\Providers\\RouteServiceProvider->loadRoutes()
#17 E:\\semester 8\\CSE470\\470 project\\worketic\\app\\Providers\\RouteServiceProvider.php(28): Illuminate\\Foundation\\Support\\Providers\\RouteServiceProvider->boot()
#18 [internal function]: App\\Providers\\RouteServiceProvider->boot()
#19 E:\\semester 8\\CSE470\\470 project\\worketic\\vendor\\laravel\\framework\\src\\Illuminate\\Container\\BoundMethod.php(29): call_user_func_array(Array, Array)
#20 E:\\semester 8\\CSE470\\470 project\\worketic\\vendor\\laravel\\framework\\src\\Illuminate\\Container\\BoundMethod.php(87): Illuminate\\Container\\BoundMethod::Illuminate\\Container\\{closure}()
#21 E:\\semester 8\\CSE470\\470 project\\worketic\\vendor\\laravel\\framework\\src\\Illuminate\\Container\\BoundMethod.php(31): Illuminate\\Container\\BoundMethod::callBoundMethod(Object(Illuminate\\Foundation\\Application), Array, Object(Closure))
#22 E:\\semester 8\\CSE470\\470 project\\worketic\\vendor\\laravel\\framework\\src\\Illuminate\\Container\\Container.php(572): Illuminate\\Container\\BoundMethod::call(Object(Illuminate\\Foundation\\Application), Array, Array, NULL)
#23 E:\\semester 8\\CSE470\\470 project\\worketic\\vendor\\laravel\\framework\\src\\Illuminate\\Foundation\\Application.php(819): Illuminate\\Container\\Container->call(Array)
#24 E:\\semester 8\\CSE470\\470 project\\worketic\\vendor\\laravel\\framework\\src\\Illuminate\\Foundation\\Application.php(802): Illuminate\\Foundation\\Application->bootProvider(Object(App\\Providers\\RouteServiceProvider))
#25 [internal function]: Illuminate\\Foundation\\Application->Illuminate\\Foundation\\{closure}(Object(App\\Providers\\RouteServiceProvider), 35)
#26 E:\\semester 8\\CSE470\\470 project\\worketic\\vendor\\laravel\\framework\\src\\Illuminate\\Foundation\\Application.php(803): array_walk(Array, Object(Closure))
#27 E:\\semester 8\\CSE470\\470 project\\worketic\\vendor\\laravel\\framework\\src\\Illuminate\\Foundation\\Bootstrap\\BootProviders.php(17): Illuminate\\Foundation\\Application->boot()
#28 E:\\semester 8\\CSE470\\470 project\\worketic\\vendor\\laravel\\framework\\src\\Illuminate\\Foundation\\Application.php(211): Illuminate\\Foundation\\Bootstrap\\BootProviders->bootstrap(Object(Illuminate\\Foundation\\Application))
#29 E:\\semester 8\\CSE470\\470 project\\worketic\\vendor\\laravel\\framework\\src\\Illuminate\\Foundation\\Console\\Kernel.php(297): Illuminate\\Foundation\\Application->bootstrapWith(Array)
#30 E:\\semester 8\\CSE470\\470 project\\worketic\\vendor\\laravel\\framework\\src\\Illuminate\\Foundation\\Console\\Kernel.php(120): Illuminate\\Foundation\\Console\\Kernel->bootstrap()
#31 E:\\semester 8\\CSE470\\470 project\\worketic\\artisan(37): Illuminate\\Foundation\\Console\\Kernel->handle(Object(Symfony\\Component\\Console\\Input\\ArgvInput), Object(Symfony\\Component\\Console\\Output\\ConsoleOutput))
#32 {main}
"} 
[2022-04-06 20:11:49] local.ERROR: There is no role named `freelancer`. {"exception":"[object] (Spatie\\Permission\\Exceptions\\RoleDoesNotExist(code: 0): There is no role named `freelancer`. at E:\\semester 8\\CSE470\\470 project\\worketic\\vendor\\spatie\\laravel-permission\\src\\Exceptions\\RoleDoesNotExist.php:11)
[stacktrace]
#0 E:\\semester 8\\CSE470\\470 project\\worketic\\vendor\\spatie\\laravel-permission\\src\\Models\\Role.php(91): Spatie\\Permission\\Exceptions\\RoleDoesNotExist::named('freelancer')
#1 E:\\semester 8\\CSE470\\470 project\\worketic\\vendor\\spatie\\laravel-permission\\src\\Traits\\HasRoles.php(78): Spatie\\Permission\\Models\\Role::findByName('freelancer', 'web')
#2 [internal function]: App\\User->Spatie\\Permission\\Traits\\{closure}('freelancer')
#3 E:\\semester 8\\CSE470\\470 project\\worketic\\vendor\\spatie\\laravel-permission\\src\\Traits\\HasRoles.php(79): array_map(Object(Closure), Array)
#4 E:\\semester 8\\CSE470\\470 project\\worketic\\vendor\\laravel\\framework\\src\\Illuminate\\Database\\Eloquent\\Builder.php(993): App\\User->scopeRole(Object(Illuminate\\Database\\Eloquent\\Builder), Array)
#5 E:\\semester 8\\CSE470\\470 project\\worketic\\vendor\\laravel\\framework\\src\\Illuminate\\Database\\Eloquent\\Builder.php(1334): Illuminate\\Database\\Eloquent\\Builder->callScope(Array, Array)
#6 E:\\semester 8\\CSE470\\470 project\\worketic\\vendor\\laravel\\framework\\src\\Illuminate\\Support\\Traits\\ForwardsCalls.php(23): Illuminate\\Database\\Eloquent\\Builder->__call('role', Array)
#7 E:\\semester 8\\CSE470\\470 project\\worketic\\vendor\\laravel\\framework\\src\\Illuminate\\Database\\Eloquent\\Model.php(1610): Illuminate\\Database\\Eloquent\\Model->forwardCallTo(Object(Illuminate\\Database\\Eloquent\\Builder), 'role', Array)
#8 E:\\semester 8\\CSE470\\470 project\\worketic\\vendor\\laravel\\framework\\src\\Illuminate\\Database\\Eloquent\\Model.php(1622): Illuminate\\Database\\Eloquent\\Model->__call('role', Array)
#9 E:\\semester 8\\CSE470\\470 project\\worketic\\app\\Helper.php(1188): Illuminate\\Database\\Eloquent\\Model::__callStatic('role', Array)
#10 E:\\semester 8\\CSE470\\470 project\\worketic\\app\\Http\\Controllers\\PublicController.php(467): App\\Helper::getSearchableList('freelancer')
#11 [internal function]: App\\Http\\Controllers\\PublicController->getSearchableData(Object(Illuminate\\Http\\Request))
#12 E:\\semester 8\\CSE470\\470 project\\worketic\\vendor\\laravel\\framework\\src\\Illuminate\\Routing\\Controller.php(54): call_user_func_array(Array, Array)
#13 E:\\semester 8\\CSE470\\470 project\\worketic\\vendor\\laravel\\framework\\src\\Illuminate\\Routing\\ControllerDispatcher.php(45): Illuminate\\Routing\\Controller->callAction('getSearchableDa...', Array)
#14 E:\\semester 8\\CSE470\\470 project\\worketic\\vendor\\laravel\\framework\\src\\Illuminate\\Routing\\Route.php(219): Illuminate\\Routing\\ControllerDispatcher->dispatch(Object(Illuminate\\Routing\\Route), Object(App\\Http\\Controllers\\PublicController), 'getSearchableDa...')
#15 E:\\semester 8\\CSE470\\470 project\\worketic\\vendor\\laravel\\framework\\src\\Illuminate\\Routing\\Route.php(176): Illuminate\\Routing\\Route->runController()
#16 E:\\semester 8\\CSE470\\470 project\\worketic\\vendor\\laravel\\framework\\src\\Illuminate\\Routing\\Router.php(682): Illuminate\\Routing\\Route->run()
#17 E:\\semester 8\\CSE470\\470 project\\worketic\\vendor\\laravel\\framework\\src\\Illuminate\\Routing\\Pipeline.php(30): Illuminate\\Routing\\Router->Illuminate\\Routing\\{closure}(Object(Illuminate\\Http\\Request))
#18 E:\\semester 8\\CSE470\\470 project\\worketic\\vendor\\laravel\\framework\\src\\Illuminate\\Routing\\Middleware\\SubstituteBindings.php(41): Illuminate\\Routing\\Pipeline->Illuminate\\Routing\\{closure}(Object(Illuminate\\Http\\Request))
#19 E:\\semester 8\\CSE470\\470 project\\worketic\\vendor\\laravel\\framework\\src\\Illuminate\\Pipeline\\Pipeline.php(163): Illuminate\\Routing\\Middleware\\SubstituteBindings->handle(Object(Illuminate\\Http\\Request), Object(Closure))
#20 E:\\semester 8\\CSE470\\470 project\\worketic\\vendor\\laravel\\framework\\src\\Illuminate\\Routing\\Pipeline.php(53): Illuminate\\Pipeline\\Pipeline->Illuminate\\Pipeline\\{closure}(Object(Illuminate\\Http\\Request))
#21 E:\\semester 8\\CSE470\\470 project\\worketic\\vendor\\laravel\\framework\\src\\Illuminate\\Foundation\\Http\\Middleware\\VerifyCsrfToken.php(75): Illuminate\\Routing\\Pipeline->Illuminate\\Routing\\{closure}(Object(Illuminate\\Http\\Request))
#22 E:\\semester 8\\CSE470\\470 project\\worketic\\vendor\\laravel\\framework\\src\\Illuminate\\Pipeline\\Pipeline.php(163): Illuminate\\Foundation\\Http\\Middleware\\VerifyCsrfToken->handle(Object(Illuminate\\Http\\Request), Object(Closure))
#23 E:\\semester 8\\CSE470\\470 project\\worketic\\vendor\\laravel\\framework\\src\\Illuminate\\Routing\\Pipeline.php(53): Illuminate\\Pipeline\\Pipeline->Illuminate\\Pipeline\\{closure}(Object(Illuminate\\Http\\Request))
#24 E:\\semester 8\\CSE470\\470 project\\worketic\\vendor\\laravel\\framework\\src\\Illuminate\\View\\Middleware\\ShareErrorsFromSession.php(49): Illuminate\\Routing\\Pipeline->Illuminate\\Routing\\{closure}(Object(Illuminate\\Http\\Request))
#25 E:\\semester 8\\CSE470\\470 project\\worketic\\vendor\\laravel\\framework\\src\\Illuminate\\Pipeline\\Pipeline.php(163): Illuminate\\View\\Middleware\\ShareErrorsFromSession->handle(Object(Illuminate\\Http\\Request), Object(Closure))
#26 E:\\semester 8\\CSE470\\470 project\\worketic\\vendor\\laravel\\framework\\src\\Illuminate\\Routing\\Pipeline.php(53): Illuminate\\Pipeline\\Pipeline->Illuminate\\Pipeline\\{closure}(Object(Illuminate\\Http\\Request))
#27 E:\\semester 8\\CSE470\\470 project\\worketic\\vendor\\laravel\\framework\\src\\Illuminate\\Session\\Middleware\\StartSession.php(63): Illuminate\\Routing\\Pipeline->Illuminate\\Routing\\{closure}(Object(Illuminate\\Http\\Request))
#28 E:\\semester 8\\CSE470\\470 project\\worketic\\vendor\\laravel\\framework\\src\\Illuminate\\Pipeline\\Pipeline.php(163): Illuminate\\Session\\Middleware\\StartSession->handle(Object(Illuminate\\Http\\Request), Object(Closure))
#29 E:\\semester 8\\CSE470\\470 project\\worketic\\vendor\\laravel\\framework\\src\\Illuminate\\Routing\\Pipeline.php(53): Illuminate\\Pipeline\\Pipeline->Illuminate\\Pipeline\\{closure}(Object(Illuminate\\Http\\Request))
#30 E:\\semester 8\\CSE470\\470 project\\worketic\\vendor\\laravel\\framework\\src\\Illuminate\\Cookie\\Middleware\\AddQueuedCookiesToResponse.php(37): Illuminate\\Routing\\Pipeline->Illuminate\\Routing\\{closure}(Object(Illuminate\\Http\\Request))
#31 E:\\semester 8\\CSE470\\470 project\\worketic\\vendor\\laravel\\framework\\src\\Illuminate\\Pipeline\\Pipeline.php(163): Illuminate\\Cookie\\Middleware\\AddQueuedCookiesToResponse->handle(Object(Illuminate\\Http\\Request), Object(Closure))
#32 E:\\semester 8\\CSE470\\470 project\\worketic\\vendor\\laravel\\framework\\src\\Illuminate\\Routing\\Pipeline.php(53): Illuminate\\Pipeline\\Pipeline->Illuminate\\Pipeline\\{closure}(Object(Illuminate\\Http\\Request))
#33 E:\\semester 8\\CSE470\\470 project\\worketic\\vendor\\laravel\\framework\\src\\Illuminate\\Cookie\\Middleware\\EncryptCookies.php(66): Illuminate\\Routing\\Pipeline->Illuminate\\Routing\\{closure}(Object(Illuminate\\Http\\Request))
#34 E:\\semester 8\\CSE470\\470 project\\worketic\\vendor\\laravel\\framework\\src\\Illuminate\\Pipeline\\Pipeline.php(163): Illuminate\\Cookie\\Middleware\\EncryptCookies->handle(Object(Illuminate\\Http\\Request), Object(Closure))
#35 E:\\semester 8\\CSE470\\470 project\\worketic\\vendor\\laravel\\framework\\src\\Illuminate\\Routing\\Pipeline.php(53): Illuminate\\Pipeline\\Pipeline->Illuminate\\Pipeline\\{closure}(Object(Illuminate\\Http\\Request))
#36 E:\\semester 8\\CSE470\\470 project\\worketic\\vendor\\laravel\\framework\\src\\Illuminate\\Pipeline\\Pipeline.php(104): Illuminate\\Routing\\Pipeline->Illuminate\\Routing\\{closure}(Object(Illuminate\\Http\\Request))
#37 E:\\semester 8\\CSE470\\470 project\\worketic\\vendor\\laravel\\framework\\src\\Illuminate\\Routing\\Router.php(684): Illuminate\\Pipeline\\Pipeline->then(Object(Closure))
#38 E:\\semester 8\\CSE470\\470 project\\worketic\\vendor\\laravel\\framework\\src\\Illuminate\\Routing\\Router.php(659): Illuminate\\Routing\\Router->runRouteWithinStack(Object(Illuminate\\Routing\\Route), Object(Illuminate\\Http\\Request))
#39 E:\\semester 8\\CSE470\\470 project\\worketic\\vendor\\laravel\\framework\\src\\Illuminate\\Routing\\Router.php(625): Illuminate\\Routing\\Router->runRoute(Object(Illuminate\\Http\\Request), Object(Illuminate\\Routing\\Route))
#40 E:\\semester 8\\CSE470\\470 project\\worketic\\vendor\\laravel\\framework\\src\\Illuminate\\Routing\\Router.php(614): Illuminate\\Routing\\Router->dispatchToRoute(Object(Illuminate\\Http\\Request))
#41 E:\\semester 8\\CSE470\\470 project\\worketic\\vendor\\laravel\\framework\\src\\Illuminate\\Foundation\\Http\\Kernel.php(176): Illuminate\\Routing\\Router->dispatch(Object(Illuminate\\Http\\Request))
#42 E:\\semester 8\\CSE470\\470 project\\worketic\\vendor\\laravel\\framework\\src\\Illuminate\\Routing\\Pipeline.php(30): Illuminate\\Foundation\\Http\\Kernel->Illuminate\\Foundation\\Http\\{closure}(Object(Illuminate\\Http\\Request))
#43 E:\\semester 8\\CSE470\\470 project\\worketic\\app\\Http\\Middleware\\HomeShortcodeMiddleware.php(74): Illuminate\\Routing\\Pipeline->Illuminate\\Routing\\{closure}(Object(Illuminate\\Http\\Request))
#44 E:\\semester 8\\CSE470\\470 project\\worketic\\vendor\\laravel\\framework\\src\\Illuminate\\Pipeline\\Pipeline.php(163): App\\Http\\Middleware\\HomeShortcodeMiddleware->handle(Object(Illuminate\\Http\\Request), Object(Closure))
#45 E:\\semester 8\\CSE470\\470 project\\worketic\\vendor\\laravel\\framework\\src\\Illuminate\\Routing\\Pipeline.php(53): Illuminate\\Pipeline\\Pipeline->Illuminate\\Pipeline\\{closure}(Object(Illuminate\\Http\\Request))
#46 E:\\semester 8\\CSE470\\470 project\\worketic\\vendor\\fideloper\\proxy\\src\\TrustProxies.php(57): Illuminate\\Routing\\Pipeline->Illuminate\\Routing\\{closure}(Object(Illuminate\\Http\\Request))
#47 E:\\semester 8\\CSE470\\470 project\\worketic\\vendor\\laravel\\framework\\src\\Illuminate\\Pipeline\\Pipeline.php(163): Fideloper\\Proxy\\TrustProxies->handle(Object(Illuminate\\Http\\Request), Object(Closure))
#48 E:\\semester 8\\CSE470\\470 project\\worketic\\vendor\\laravel\\framework\\src\\Illuminate\\Routing\\Pipeline.php(53): Illuminate\\Pipeline\\Pipeline->Illuminate\\Pipeline\\{closure}(Object(Illuminate\\Http\\Request))
#49 E:\\semester 8\\CSE470\\470 project\\worketic\\vendor\\laravel\\framework\\src\\Illuminate\\Foundation\\Http\\Middleware\\TransformsRequest.php(31): Illuminate\\Routing\\Pipeline->Illuminate\\Routing\\{closure}(Object(Illuminate\\Http\\Request))
#50 E:\\semester 8\\CSE470\\470 project\\worketic\\vendor\\laravel\\framework\\src\\Illuminate\\Pipeline\\Pipeline.php(163): Illuminate\\Foundation\\Http\\Middleware\\TransformsRequest->handle(Object(Illuminate\\Http\\Request), Object(Closure))
#51 E:\\semester 8\\CSE470\\470 project\\worketic\\vendor\\laravel\\framework\\src\\Illuminate\\Routing\\Pipeline.php(53): Illuminate\\Pipeline\\Pipeline->Illuminate\\Pipeline\\{closure}(Object(Illuminate\\Http\\Request))
#52 E:\\semester 8\\CSE470\\470 project\\worketic\\vendor\\laravel\\framework\\src\\Illuminate\\Foundation\\Http\\Middleware\\TransformsRequest.php(31): Illuminate\\Routing\\Pipeline->Illuminate\\Routing\\{closure}(Object(Illuminate\\Http\\Request))
#53 E:\\semester 8\\CSE470\\470 project\\worketic\\vendor\\laravel\\framework\\src\\Illuminate\\Pipeline\\Pipeline.php(163): Illuminate\\Foundation\\Http\\Middleware\\TransformsRequest->handle(Object(Illuminate\\Http\\Request), Object(Closure))
#54 E:\\semester 8\\CSE470\\470 project\\worketic\\vendor\\laravel\\framework\\src\\Illuminate\\Routing\\Pipeline.php(53): Illuminate\\Pipeline\\Pipeline->Illuminate\\Pipeline\\{closure}(Object(Illuminate\\Http\\Request))
#55 E:\\semester 8\\CSE470\\470 project\\worketic\\vendor\\laravel\\framework\\src\\Illuminate\\Foundation\\Http\\Middleware\\ValidatePostSize.php(27): Illuminate\\Routing\\Pipeline->Illuminate\\Routing\\{closure}(Object(Illuminate\\Http\\Request))
#56 E:\\semester 8\\CSE470\\470 project\\worketic\\vendor\\laravel\\framework\\src\\Illuminate\\Pipeline\\Pipeline.php(163): Illuminate\\Foundation\\Http\\Middleware\\ValidatePostSize->handle(Object(Illuminate\\Http\\Request), Object(Closure))
#57 E:\\semester 8\\CSE470\\470 project\\worketic\\vendor\\laravel\\framework\\src\\Illuminate\\Routing\\Pipeline.php(53): Illuminate\\Pipeline\\Pipeline->Illuminate\\Pipeline\\{closure}(Object(Illuminate\\Http\\Request))
#58 E:\\semester 8\\CSE470\\470 project\\worketic\\vendor\\laravel\\framework\\src\\Illuminate\\Foundation\\Http\\Middleware\\CheckForMaintenanceMode.php(62): Illuminate\\Routing\\Pipeline->Illuminate\\Routing\\{closure}(Object(Illuminate\\Http\\Request))
#59 E:\\semester 8\\CSE470\\470 project\\worketic\\vendor\\laravel\\framework\\src\\Illuminate\\Pipeline\\Pipeline.php(163): Illuminate\\Foundation\\Http\\Middleware\\CheckForMaintenanceMode->handle(Object(Illuminate\\Http\\Request), Object(Closure))
#60 E:\\semester 8\\CSE470\\470 project\\worketic\\vendor\\laravel\\framework\\src\\Illuminate\\Routing\\Pipeline.php(53): Illuminate\\Pipeline\\Pipeline->Illuminate\\Pipeline\\{closure}(Object(Illuminate\\Http\\Request))
#61 E:\\semester 8\\CSE470\\470 project\\worketic\\vendor\\laravel\\framework\\src\\Illuminate\\Pipeline\\Pipeline.php(104): Illuminate\\Routing\\Pipeline->Illuminate\\Routing\\{closure}(Object(Illuminate\\Http\\Request))
#62 E:\\semester 8\\CSE470\\470 project\\worketic\\vendor\\laravel\\framework\\src\\Illuminate\\Foundation\\Http\\Kernel.php(151): Illuminate\\Pipeline\\Pipeline->then(Object(Closure))
#63 E:\\semester 8\\CSE470\\470 project\\worketic\\vendor\\laravel\\framework\\src\\Illuminate\\Foundation\\Http\\Kernel.php(116): Illuminate\\Foundation\\Http\\Kernel->sendRequestThroughRouter(Object(Illuminate\\Http\\Request))
#64 E:\\semester 8\\CSE470\\470 project\\worketic\\public\\index.php(55): Illuminate\\Foundation\\Http\\Kernel->handle(Object(Illuminate\\Http\\Request))
#65 E:\\semester 8\\CSE470\\470 project\\worketic\\server.php(21): require_once('E:\\\\semester 8\\\\C...')
#66 {main}
"} 
[2022-04-06 20:12:21] local.ERROR: SQLSTATE[42S02]: Base table or view not found: 1146 Table 'worketic.article_categories' doesn't exist (SQL: select * from `article_categories`) {"exception":"[object] (Illuminate\\Database\\QueryException(code: 42S02): SQLSTATE[42S02]: Base table or view not found: 1146 Table 'worketic.article_categories' doesn't exist (SQL: select * from `article_categories`) at E:\\semester 8\\CSE470\\470 project\\worketic\\vendor\\laravel\\framework\\src\\Illuminate\\Database\\Connection.php:664, Doctrine\\DBAL\\Driver\\PDOException(code: 42S02): SQLSTATE[42S02]: Base table or view not found: 1146 Table 'worketic.article_categories' doesn't exist at E:\\semester 8\\CSE470\\470 project\\worketic\\vendor\\doctrine\\dbal\\lib\\Doctrine\\DBAL\\Driver\\PDOConnection.php:63, PDOException(code: 42S02): SQLSTATE[42S02]: Base table or view not found: 1146 Table 'worketic.article_categories' doesn't exist at E:\\semester 8\\CSE470\\470 project\\worketic\\vendor\\doctrine\\dbal\\lib\\Doctrine\\DBAL\\Driver\\PDOConnection.php:61)
[stacktrace]
#0 E:\\semester 8\\CSE470\\470 project\\worketic\\vendor\\laravel\\framework\\src\\Illuminate\\Database\\Connection.php(624): Illuminate\\Database\\Connection->runQueryCallback('select * from `...', Array, Object(Closure))
#1 E:\\semester 8\\CSE470\\470 project\\worketic\\vendor\\laravel\\framework\\src\\Illuminate\\Database\\Connection.php(333): Illuminate\\Database\\Connection->run('select * from `...', Array, Object(Closure))
#2 E:\\semester 8\\CSE470\\470 project\\worketic\\vendor\\laravel\\framework\\src\\Illuminate\\Database\\Query\\Builder.php(2095): Illuminate\\Database\\Connection->select('select * from `...', Array, true)
#3 E:\\semester 8\\CSE470\\470 project\\worketic\\vendor\\laravel\\framework\\src\\Illuminate\\Database\\Query\\Builder.php(2083): Illuminate\\Database\\Query\\Builder->runSelect()
#4 E:\\semester 8\\CSE470\\470 project\\worketic\\vendor\\laravel\\framework\\src\\Illuminate\\Database\\Query\\Builder.php(2569): Illuminate\\Database\\Query\\Builder->Illuminate\\Database\\Query\\{closure}()
#5 E:\\semester 8\\CSE470\\470 project\\worketic\\vendor\\laravel\\framework\\src\\Illuminate\\Database\\Query\\Builder.php(2084): Illuminate\\Database\\Query\\Builder->onceWithColumns(Array, Object(Closure))
#6 E:\\semester 8\\CSE470\\470 project\\worketic\\vendor\\laravel\\framework\\src\\Illuminate\\Database\\Eloquent\\Builder.php(519): Illuminate\\Database\\Query\\Builder->get(Array)
#7 E:\\semester 8\\CSE470\\470 project\\worketic\\vendor\\laravel\\framework\\src\\Illuminate\\Database\\Eloquent\\Builder.php(503): Illuminate\\Database\\Eloquent\\Builder->getModels(Array)
#8 E:\\semester 8\\CSE470\\470 project\\worketic\\vendor\\laravel\\framework\\src\\Illuminate\\Database\\Eloquent\\Model.php(461): Illuminate\\Database\\Eloquent\\Builder->get(Array)
#9 E:\\semester 8\\CSE470\\470 project\\worketic\\app\\Http\\Controllers\\ArticleController.php(228): Illuminate\\Database\\Eloquent\\Model::all()
#10 [internal function]: App\\Http\\Controllers\\ArticleController->articlesList('')
#11 E:\\semester 8\\CSE470\\470 project\\worketic\\vendor\\laravel\\framework\\src\\Illuminate\\Routing\\Controller.php(54): call_user_func_array(Array, Array)
#12 E:\\semester 8\\CSE470\\470 project\\worketic\\vendor\\laravel\\framework\\src\\Illuminate\\Routing\\ControllerDispatcher.php(45): Illuminate\\Routing\\Controller->callAction('articlesList', Array)
#13 E:\\semester 8\\CSE470\\470 project\\worketic\\vendor\\laravel\\framework\\src\\Illuminate\\Routing\\Route.php(219): Illuminate\\Routing\\ControllerDispatcher->dispatch(Object(Illuminate\\Routing\\Route), Object(App\\Http\\Controllers\\ArticleController), 'articlesList')
#14 E:\\semester 8\\CSE470\\470 project\\worketic\\vendor\\laravel\\framework\\src\\Illuminate\\Routing\\Route.php(176): Illuminate\\Routing\\Route->runController()
#15 E:\\semester 8\\CSE470\\470 project\\worketic\\vendor\\laravel\\framework\\src\\Illuminate\\Routing\\Router.php(682): Illuminate\\Routing\\Route->run()
#16 E:\\semester 8\\CSE470\\470 project\\worketic\\vendor\\laravel\\framework\\src\\Illuminate\\Routing\\Pipeline.php(30): Illuminate\\Routing\\Router->Illuminate\\Routing\\{closure}(Object(Illuminate\\Http\\Request))
#17 E:\\semester 8\\CSE470\\470 project\\worketic\\vendor\\laravel\\framework\\src\\Illuminate\\Routing\\Middleware\\SubstituteBindings.php(41): Illuminate\\Routing\\Pipeline->Illuminate\\Routing\\{closure}(Object(Illuminate\\Http\\Request))
#18 E:\\semester 8\\CSE470\\470 project\\worketic\\vendor\\laravel\\framework\\src\\Illuminate\\Pipeline\\Pipeline.php(163): Illuminate\\Routing\\Middleware\\SubstituteBindings->handle(Object(Illuminate\\Http\\Request), Object(Closure))
#19 E:\\semester 8\\CSE470\\470 project\\worketic\\vendor\\laravel\\framework\\src\\Illuminate\\Routing\\Pipeline.php(53): Illuminate\\Pipeline\\Pipeline->Illuminate\\Pipeline\\{closure}(Object(Illuminate\\Http\\Request))
#20 E:\\semester 8\\CSE470\\470 project\\worketic\\vendor\\laravel\\framework\\src\\Illuminate\\Foundation\\Http\\Middleware\\VerifyCsrfToken.php(75): Illuminate\\Routing\\Pipeline->Illuminate\\Routing\\{closure}(Object(Illuminate\\Http\\Request))
#21 E:\\semester 8\\CSE470\\470 project\\worketic\\vendor\\laravel\\framework\\src\\Illuminate\\Pipeline\\Pipeline.php(163): Illuminate\\Foundation\\Http\\Middleware\\VerifyCsrfToken->handle(Object(Illuminate\\Http\\Request), Object(Closure))
#22 E:\\semester 8\\CSE470\\470 project\\worketic\\vendor\\laravel\\framework\\src\\Illuminate\\Routing\\Pipeline.php(53): Illuminate\\Pipeline\\Pipeline->Illuminate\\Pipeline\\{closure}(Object(Illuminate\\Http\\Request))
#23 E:\\semester 8\\CSE470\\470 project\\worketic\\vendor\\laravel\\framework\\src\\Illuminate\\View\\Middleware\\ShareErrorsFromSession.php(49): Illuminate\\Routing\\Pipeline->Illuminate\\Routing\\{closure}(Object(Illuminate\\Http\\Request))
#24 E:\\semester 8\\CSE470\\470 project\\worketic\\vendor\\laravel\\framework\\src\\Illuminate\\Pipeline\\Pipeline.php(163): Illuminate\\View\\Middleware\\ShareErrorsFromSession->handle(Object(Illuminate\\Http\\Request), Object(Closure))
#25 E:\\semester 8\\CSE470\\470 project\\worketic\\vendor\\laravel\\framework\\src\\Illuminate\\Routing\\Pipeline.php(53): Illuminate\\Pipeline\\Pipeline->Illuminate\\Pipeline\\{closure}(Object(Illuminate\\Http\\Request))
#26 E:\\semester 8\\CSE470\\470 project\\worketic\\vendor\\laravel\\framework\\src\\Illuminate\\Session\\Middleware\\StartSession.php(63): Illuminate\\Routing\\Pipeline->Illuminate\\Routing\\{closure}(Object(Illuminate\\Http\\Request))
#27 E:\\semester 8\\CSE470\\470 project\\worketic\\vendor\\laravel\\framework\\src\\Illuminate\\Pipeline\\Pipeline.php(163): Illuminate\\Session\\Middleware\\StartSession->handle(Object(Illuminate\\Http\\Request), Object(Closure))
#28 E:\\semester 8\\CSE470\\470 project\\worketic\\vendor\\laravel\\framework\\src\\Illuminate\\Routing\\Pipeline.php(53): Illuminate\\Pipeline\\Pipeline->Illuminate\\Pipeline\\{closure}(Object(Illuminate\\Http\\Request))
#29 E:\\semester 8\\CSE470\\470 project\\worketic\\vendor\\laravel\\framework\\src\\Illuminate\\Cookie\\Middleware\\AddQueuedCookiesToResponse.php(37): Illuminate\\Routing\\Pipeline->Illuminate\\Routing\\{closure}(Object(Illuminate\\Http\\Request))
#30 E:\\semester 8\\CSE470\\470 project\\worketic\\vendor\\laravel\\framework\\src\\Illuminate\\Pipeline\\Pipeline.php(163): Illuminate\\Cookie\\Middleware\\AddQueuedCookiesToResponse->handle(Object(Illuminate\\Http\\Request), Object(Closure))
#31 E:\\semester 8\\CSE470\\470 project\\worketic\\vendor\\laravel\\framework\\src\\Illuminate\\Routing\\Pipeline.php(53): Illuminate\\Pipeline\\Pipeline->Illuminate\\Pipeline\\{closure}(Object(Illuminate\\Http\\Request))
#32 E:\\semester 8\\CSE470\\470 project\\worketic\\vendor\\laravel\\framework\\src\\Illuminate\\Cookie\\Middleware\\EncryptCookies.php(66): Illuminate\\Routing\\Pipeline->Illuminate\\Routing\\{closure}(Object(Illuminate\\Http\\Request))
#33 E:\\semester 8\\CSE470\\470 project\\worketic\\vendor\\laravel\\framework\\src\\Illuminate\\Pipeline\\Pipeline.php(163): Illuminate\\Cookie\\Middleware\\EncryptCookies->handle(Object(Illuminate\\Http\\Request), Object(Closure))
#34 E:\\semester 8\\CSE470\\470 project\\worketic\\vendor\\laravel\\framework\\src\\Illuminate\\Routing\\Pipeline.php(53): Illuminate\\Pipeline\\Pipeline->Illuminate\\Pipeline\\{closure}(Object(Illuminate\\Http\\Request))
#35 E:\\semester 8\\CSE470\\470 project\\worketic\\vendor\\laravel\\framework\\src\\Illuminate\\Pipeline\\Pipeline.php(104): Illuminate\\Routing\\Pipeline->Illuminate\\Routing\\{closure}(Object(Illuminate\\Http\\Request))
#36 E:\\semester 8\\CSE470\\470 project\\worketic\\vendor\\laravel\\framework\\src\\Illuminate\\Routing\\Router.php(684): Illuminate\\Pipeline\\Pipeline->then(Object(Closure))
#37 E:\\semester 8\\CSE470\\470 project\\worketic\\vendor\\laravel\\framework\\src\\Illuminate\\Routing\\Router.php(659): Illuminate\\Routing\\Router->runRouteWithinStack(Object(Illuminate\\Routing\\Route), Object(Illuminate\\Http\\Request))
#38 E:\\semester 8\\CSE470\\470 project\\worketic\\vendor\\laravel\\framework\\src\\Illuminate\\Routing\\Router.php(625): Illuminate\\Routing\\Router->runRoute(Object(Illuminate\\Http\\Request), Object(Illuminate\\Routing\\Route))
#39 E:\\semester 8\\CSE470\\470 project\\worketic\\vendor\\laravel\\framework\\src\\Illuminate\\Routing\\Router.php(614): Illuminate\\Routing\\Router->dispatchToRoute(Object(Illuminate\\Http\\Request))
#40 E:\\semester 8\\CSE470\\470 project\\worketic\\vendor\\laravel\\framework\\src\\Illuminate\\Foundation\\Http\\Kernel.php(176): Illuminate\\Routing\\Router->dispatch(Object(Illuminate\\Http\\Request))
#41 E:\\semester 8\\CSE470\\470 project\\worketic\\vendor\\laravel\\framework\\src\\Illuminate\\Routing\\Pipeline.php(30): Illuminate\\Foundation\\Http\\Kernel->Illuminate\\Foundation\\Http\\{closure}(Object(Illuminate\\Http\\Request))
#42 E:\\semester 8\\CSE470\\470 project\\worketic\\app\\Http\\Middleware\\HomeShortcodeMiddleware.php(74): Illuminate\\Routing\\Pipeline->Illuminate\\Routing\\{closure}(Object(Illuminate\\Http\\Request))
#43 E:\\semester 8\\CSE470\\470 project\\worketic\\vendor\\laravel\\framework\\src\\Illuminate\\Pipeline\\Pipeline.php(163): App\\Http\\Middleware\\HomeShortcodeMiddleware->handle(Object(Illuminate\\Http\\Request), Object(Closure))
#44 E:\\semester 8\\CSE470\\470 project\\worketic\\vendor\\laravel\\framework\\src\\Illuminate\\Routing\\Pipeline.php(53): Illuminate\\Pipeline\\Pipeline->Illuminate\\Pipeline\\{closure}(Object(Illuminate\\Http\\Request))
#45 E:\\semester 8\\CSE470\\470 project\\worketic\\vendor\\fideloper\\proxy\\src\\TrustProxies.php(57): Illuminate\\Routing\\Pipeline->Illuminate\\Routing\\{closure}(Object(Illuminate\\Http\\Request))
#46 E:\\semester 8\\CSE470\\470 project\\worketic\\vendor\\laravel\\framework\\src\\Illuminate\\Pipeline\\Pipeline.php(163): Fideloper\\Proxy\\TrustProxies->handle(Object(Illuminate\\Http\\Request), Object(Closure))
#47 E:\\semester 8\\CSE470\\470 project\\worketic\\vendor\\laravel\\framework\\src\\Illuminate\\Routing\\Pipeline.php(53): Illuminate\\Pipeline\\Pipeline->Illuminate\\Pipeline\\{closure}(Object(Illuminate\\Http\\Request))
#48 E:\\semester 8\\CSE470\\470 project\\worketic\\vendor\\laravel\\framework\\src\\Illuminate\\Foundation\\Http\\Middleware\\TransformsRequest.php(31): Illuminate\\Routing\\Pipeline->Illuminate\\Routing\\{closure}(Object(Illuminate\\Http\\Request))
#49 E:\\semester 8\\CSE470\\470 project\\worketic\\vendor\\laravel\\framework\\src\\Illuminate\\Pipeline\\Pipeline.php(163): Illuminate\\Foundation\\Http\\Middleware\\TransformsRequest->handle(Object(Illuminate\\Http\\Request), Object(Closure))
#50 E:\\semester 8\\CSE470\\470 project\\worketic\\vendor\\laravel\\framework\\src\\Illuminate\\Routing\\Pipeline.php(53): Illuminate\\Pipeline\\Pipeline->Illuminate\\Pipeline\\{closure}(Object(Illuminate\\Http\\Request))
#51 E:\\semester 8\\CSE470\\470 project\\worketic\\vendor\\laravel\\framework\\src\\Illuminate\\Foundation\\Http\\Middleware\\TransformsRequest.php(31): Illuminate\\Routing\\Pipeline->Illuminate\\Routing\\{closure}(Object(Illuminate\\Http\\Request))
#52 E:\\semester 8\\CSE470\\470 project\\worketic\\vendor\\laravel\\framework\\src\\Illuminate\\Pipeline\\Pipeline.php(163): Illuminate\\Foundation\\Http\\Middleware\\TransformsRequest->handle(Object(Illuminate\\Http\\Request), Object(Closure))
#53 E:\\semester 8\\CSE470\\470 project\\worketic\\vendor\\laravel\\framework\\src\\Illuminate\\Routing\\Pipeline.php(53): Illuminate\\Pipeline\\Pipeline->Illuminate\\Pipeline\\{closure}(Object(Illuminate\\Http\\Request))
#54 E:\\semester 8\\CSE470\\470 project\\worketic\\vendor\\laravel\\framework\\src\\Illuminate\\Foundation\\Http\\Middleware\\ValidatePostSize.php(27): Illuminate\\Routing\\Pipeline->Illuminate\\Routing\\{closure}(Object(Illuminate\\Http\\Request))
#55 E:\\semester 8\\CSE470\\470 project\\worketic\\vendor\\laravel\\framework\\src\\Illuminate\\Pipeline\\Pipeline.php(163): Illuminate\\Foundation\\Http\\Middleware\\ValidatePostSize->handle(Object(Illuminate\\Http\\Request), Object(Closure))
#56 E:\\semester 8\\CSE470\\470 project\\worketic\\vendor\\laravel\\framework\\src\\Illuminate\\Routing\\Pipeline.php(53): Illuminate\\Pipeline\\Pipeline->Illuminate\\Pipeline\\{closure}(Object(Illuminate\\Http\\Request))
#57 E:\\semester 8\\CSE470\\470 project\\worketic\\vendor\\laravel\\framework\\src\\Illuminate\\Foundation\\Http\\Middleware\\CheckForMaintenanceMode.php(62): Illuminate\\Routing\\Pipeline->Illuminate\\Routing\\{closure}(Object(Illuminate\\Http\\Request))
#58 E:\\semester 8\\CSE470\\470 project\\worketic\\vendor\\laravel\\framework\\src\\Illuminate\\Pipeline\\Pipeline.php(163): Illuminate\\Foundation\\Http\\Middleware\\CheckForMaintenanceMode->handle(Object(Illuminate\\Http\\Request), Object(Closure))
#59 E:\\semester 8\\CSE470\\470 project\\worketic\\vendor\\laravel\\framework\\src\\Illuminate\\Routing\\Pipeline.php(53): Illuminate\\Pipeline\\Pipeline->Illuminate\\Pipeline\\{closure}(Object(Illuminate\\Http\\Request))
#60 E:\\semester 8\\CSE470\\470 project\\worketic\\vendor\\laravel\\framework\\src\\Illuminate\\Pipeline\\Pipeline.php(104): Illuminate\\Routing\\Pipeline->Illuminate\\Routing\\{closure}(Object(Illuminate\\Http\\Request))
#61 E:\\semester 8\\CSE470\\470 project\\worketic\\vendor\\laravel\\framework\\src\\Illuminate\\Foundation\\Http\\Kernel.php(151): Illuminate\\Pipeline\\Pipeline->then(Object(Closure))
#62 E:\\semester 8\\CSE470\\470 project\\worketic\\vendor\\laravel\\framework\\src\\Illuminate\\Foundation\\Http\\Kernel.php(116): Illuminate\\Foundation\\Http\\Kernel->sendRequestThroughRouter(Object(Illuminate\\Http\\Request))
#63 E:\\semester 8\\CSE470\\470 project\\worketic\\public\\index.php(55): Illuminate\\Foundation\\Http\\Kernel->handle(Object(Illuminate\\Http\\Request))
#64 E:\\semester 8\\CSE470\\470 project\\worketic\\server.php(21): require_once('E:\\\\semester 8\\\\C...')
#65 {main}
"} 
[2022-04-06 20:12:45] local.ERROR: There is no role named `employer`. {"exception":"[object] (Spatie\\Permission\\Exceptions\\RoleDoesNotExist(code: 0): There is no role named `employer`. at E:\\semester 8\\CSE470\\470 project\\worketic\\vendor\\spatie\\laravel-permission\\src\\Exceptions\\RoleDoesNotExist.php:11)
[stacktrace]
#0 E:\\semester 8\\CSE470\\470 project\\worketic\\vendor\\spatie\\laravel-permission\\src\\Models\\Role.php(91): Spatie\\Permission\\Exceptions\\RoleDoesNotExist::named('employer')
#1 E:\\semester 8\\CSE470\\470 project\\worketic\\vendor\\spatie\\laravel-permission\\src\\Traits\\HasRoles.php(78): Spatie\\Permission\\Models\\Role::findByName('employer', 'web')
#2 [internal function]: App\\User->Spatie\\Permission\\Traits\\{closure}('employer')
#3 E:\\semester 8\\CSE470\\470 project\\worketic\\vendor\\spatie\\laravel-permission\\src\\Traits\\HasRoles.php(79): array_map(Object(Closure), Array)
#4 E:\\semester 8\\CSE470\\470 project\\worketic\\vendor\\laravel\\framework\\src\\Illuminate\\Database\\Eloquent\\Builder.php(993): App\\User->scopeRole(Object(Illuminate\\Database\\Eloquent\\Builder), Array)
#5 E:\\semester 8\\CSE470\\470 project\\worketic\\vendor\\laravel\\framework\\src\\Illuminate\\Database\\Eloquent\\Builder.php(1334): Illuminate\\Database\\Eloquent\\Builder->callScope(Array, Array)
#6 E:\\semester 8\\CSE470\\470 project\\worketic\\vendor\\laravel\\framework\\src\\Illuminate\\Support\\Traits\\ForwardsCalls.php(23): Illuminate\\Database\\Eloquent\\Builder->__call('role', Array)
#7 E:\\semester 8\\CSE470\\470 project\\worketic\\vendor\\laravel\\framework\\src\\Illuminate\\Database\\Eloquent\\Model.php(1610): Illuminate\\Database\\Eloquent\\Model->forwardCallTo(Object(Illuminate\\Database\\Eloquent\\Builder), 'role', Array)
#8 E:\\semester 8\\CSE470\\470 project\\worketic\\vendor\\laravel\\framework\\src\\Illuminate\\Database\\Eloquent\\Model.php(1622): Illuminate\\Database\\Eloquent\\Model->__call('role', Array)
#9 E:\\semester 8\\CSE470\\470 project\\worketic\\app\\User.php(396): Illuminate\\Database\\Eloquent\\Model::__callStatic('role', Array)
#10 E:\\semester 8\\CSE470\\470 project\\worketic\\app\\Http\\Controllers\\PublicController.php(549): App\\User::getSearchResult('employer', '', Array, Array, Array, Array, Array, Array, Array)
#11 [internal function]: App\\Http\\Controllers\\PublicController->getSearchResult('')
#12 E:\\semester 8\\CSE470\\470 project\\worketic\\vendor\\laravel\\framework\\src\\Illuminate\\Routing\\Controller.php(54): call_user_func_array(Array, Array)
#13 E:\\semester 8\\CSE470\\470 project\\worketic\\vendor\\laravel\\framework\\src\\Illuminate\\Routing\\ControllerDispatcher.php(45): Illuminate\\Routing\\Controller->callAction('getSearchResult', Array)
#14 E:\\semester 8\\CSE470\\470 project\\worketic\\vendor\\laravel\\framework\\src\\Illuminate\\Routing\\Route.php(219): Illuminate\\Routing\\ControllerDispatcher->dispatch(Object(Illuminate\\Routing\\Route), Object(App\\Http\\Controllers\\PublicController), 'getSearchResult')
#15 E:\\semester 8\\CSE470\\470 project\\worketic\\vendor\\laravel\\framework\\src\\Illuminate\\Routing\\Route.php(176): Illuminate\\Routing\\Route->runController()
#16 E:\\semester 8\\CSE470\\470 project\\worketic\\vendor\\laravel\\framework\\src\\Illuminate\\Routing\\Router.php(682): Illuminate\\Routing\\Route->run()
#17 E:\\semester 8\\CSE470\\470 project\\worketic\\vendor\\laravel\\framework\\src\\Illuminate\\Routing\\Pipeline.php(30): Illuminate\\Routing\\Router->Illuminate\\Routing\\{closure}(Object(Illuminate\\Http\\Request))
#18 E:\\semester 8\\CSE470\\470 project\\worketic\\vendor\\laravel\\framework\\src\\Illuminate\\Routing\\Middleware\\SubstituteBindings.php(41): Illuminate\\Routing\\Pipeline->Illuminate\\Routing\\{closure}(Object(Illuminate\\Http\\Request))
#19 E:\\semester 8\\CSE470\\470 project\\worketic\\vendor\\laravel\\framework\\src\\Illuminate\\Pipeline\\Pipeline.php(163): Illuminate\\Routing\\Middleware\\SubstituteBindings->handle(Object(Illuminate\\Http\\Request), Object(Closure))
#20 E:\\semester 8\\CSE470\\470 project\\worketic\\vendor\\laravel\\framework\\src\\Illuminate\\Routing\\Pipeline.php(53): Illuminate\\Pipeline\\Pipeline->Illuminate\\Pipeline\\{closure}(Object(Illuminate\\Http\\Request))
#21 E:\\semester 8\\CSE470\\470 project\\worketic\\vendor\\laravel\\framework\\src\\Illuminate\\Foundation\\Http\\Middleware\\VerifyCsrfToken.php(75): Illuminate\\Routing\\Pipeline->Illuminate\\Routing\\{closure}(Object(Illuminate\\Http\\Request))
#22 E:\\semester 8\\CSE470\\470 project\\worketic\\vendor\\laravel\\framework\\src\\Illuminate\\Pipeline\\Pipeline.php(163): Illuminate\\Foundation\\Http\\Middleware\\VerifyCsrfToken->handle(Object(Illuminate\\Http\\Request), Object(Closure))
#23 E:\\semester 8\\CSE470\\470 project\\worketic\\vendor\\laravel\\framework\\src\\Illuminate\\Routing\\Pipeline.php(53): Illuminate\\Pipeline\\Pipeline->Illuminate\\Pipeline\\{closure}(Object(Illuminate\\Http\\Request))
#24 E:\\semester 8\\CSE470\\470 project\\worketic\\vendor\\laravel\\framework\\src\\Illuminate\\View\\Middleware\\ShareErrorsFromSession.php(49): Illuminate\\Routing\\Pipeline->Illuminate\\Routing\\{closure}(Object(Illuminate\\Http\\Request))
#25 E:\\semester 8\\CSE470\\470 project\\worketic\\vendor\\laravel\\framework\\src\\Illuminate\\Pipeline\\Pipeline.php(163): Illuminate\\View\\Middleware\\ShareErrorsFromSession->handle(Object(Illuminate\\Http\\Request), Object(Closure))
#26 E:\\semester 8\\CSE470\\470 project\\worketic\\vendor\\laravel\\framework\\src\\Illuminate\\Routing\\Pipeline.php(53): Illuminate\\Pipeline\\Pipeline->Illuminate\\Pipeline\\{closure}(Object(Illuminate\\Http\\Request))
#27 E:\\semester 8\\CSE470\\470 project\\worketic\\vendor\\laravel\\framework\\src\\Illuminate\\Session\\Middleware\\StartSession.php(63): Illuminate\\Routing\\Pipeline->Illuminate\\Routing\\{closure}(Object(Illuminate\\Http\\Request))
#28 E:\\semester 8\\CSE470\\470 project\\worketic\\vendor\\laravel\\framework\\src\\Illuminate\\Pipeline\\Pipeline.php(163): Illuminate\\Session\\Middleware\\StartSession->handle(Object(Illuminate\\Http\\Request), Object(Closure))
#29 E:\\semester 8\\CSE470\\470 project\\worketic\\vendor\\laravel\\framework\\src\\Illuminate\\Routing\\Pipeline.php(53): Illuminate\\Pipeline\\Pipeline->Illuminate\\Pipeline\\{closure}(Object(Illuminate\\Http\\Request))
#30 E:\\semester 8\\CSE470\\470 project\\worketic\\vendor\\laravel\\framework\\src\\Illuminate\\Cookie\\Middleware\\AddQueuedCookiesToResponse.php(37): Illuminate\\Routing\\Pipeline->Illuminate\\Routing\\{closure}(Object(Illuminate\\Http\\Request))
#31 E:\\semester 8\\CSE470\\470 project\\worketic\\vendor\\laravel\\framework\\src\\Illuminate\\Pipeline\\Pipeline.php(163): Illuminate\\Cookie\\Middleware\\AddQueuedCookiesToResponse->handle(Object(Illuminate\\Http\\Request), Object(Closure))
#32 E:\\semester 8\\CSE470\\470 project\\worketic\\vendor\\laravel\\framework\\src\\Illuminate\\Routing\\Pipeline.php(53): Illuminate\\Pipeline\\Pipeline->Illuminate\\Pipeline\\{closure}(Object(Illuminate\\Http\\Request))
#33 E:\\semester 8\\CSE470\\470 project\\worketic\\vendor\\laravel\\framework\\src\\Illuminate\\Cookie\\Middleware\\EncryptCookies.php(66): Illuminate\\Routing\\Pipeline->Illuminate\\Routing\\{closure}(Object(Illuminate\\Http\\Request))
#34 E:\\semester 8\\CSE470\\470 project\\worketic\\vendor\\laravel\\framework\\src\\Illuminate\\Pipeline\\Pipeline.php(163): Illuminate\\Cookie\\Middleware\\EncryptCookies->handle(Object(Illuminate\\Http\\Request), Object(Closure))
#35 E:\\semester 8\\CSE470\\470 project\\worketic\\vendor\\laravel\\framework\\src\\Illuminate\\Routing\\Pipeline.php(53): Illuminate\\Pipeline\\Pipeline->Illuminate\\Pipeline\\{closure}(Object(Illuminate\\Http\\Request))
#36 E:\\semester 8\\CSE470\\470 project\\worketic\\vendor\\laravel\\framework\\src\\Illuminate\\Pipeline\\Pipeline.php(104): Illuminate\\Routing\\Pipeline->Illuminate\\Routing\\{closure}(Object(Illuminate\\Http\\Request))
#37 E:\\semester 8\\CSE470\\470 project\\worketic\\vendor\\laravel\\framework\\src\\Illuminate\\Routing\\Router.php(684): Illuminate\\Pipeline\\Pipeline->then(Object(Closure))
#38 E:\\semester 8\\CSE470\\470 project\\worketic\\vendor\\laravel\\framework\\src\\Illuminate\\Routing\\Router.php(659): Illuminate\\Routing\\Router->runRouteWithinStack(Object(Illuminate\\Routing\\Route), Object(Illuminate\\Http\\Request))
#39 E:\\semester 8\\CSE470\\470 project\\worketic\\vendor\\laravel\\framework\\src\\Illuminate\\Routing\\Router.php(625): Illuminate\\Routing\\Router->runRoute(Object(Illuminate\\Http\\Request), Object(Illuminate\\Routing\\Route))
#40 E:\\semester 8\\CSE470\\470 project\\worketic\\vendor\\laravel\\framework\\src\\Illuminate\\Routing\\Router.php(614): Illuminate\\Routing\\Router->dispatchToRoute(Object(Illuminate\\Http\\Request))
#41 E:\\semester 8\\CSE470\\470 project\\worketic\\vendor\\laravel\\framework\\src\\Illuminate\\Foundation\\Http\\Kernel.php(176): Illuminate\\Routing\\Router->dispatch(Object(Illuminate\\Http\\Request))
#42 E:\\semester 8\\CSE470\\470 project\\worketic\\vendor\\laravel\\framework\\src\\Illuminate\\Routing\\Pipeline.php(30): Illuminate\\Foundation\\Http\\Kernel->Illuminate\\Foundation\\Http\\{closure}(Object(Illuminate\\Http\\Request))
#43 E:\\semester 8\\CSE470\\470 project\\worketic\\app\\Http\\Middleware\\HomeShortcodeMiddleware.php(74): Illuminate\\Routing\\Pipeline->Illuminate\\Routing\\{closure}(Object(Illuminate\\Http\\Request))
#44 E:\\semester 8\\CSE470\\470 project\\worketic\\vendor\\laravel\\framework\\src\\Illuminate\\Pipeline\\Pipeline.php(163): App\\Http\\Middleware\\HomeShortcodeMiddleware->handle(Object(Illuminate\\Http\\Request), Object(Closure))
#45 E:\\semester 8\\CSE470\\470 project\\worketic\\vendor\\laravel\\framework\\src\\Illuminate\\Routing\\Pipeline.php(53): Illuminate\\Pipeline\\Pipeline->Illuminate\\Pipeline\\{closure}(Object(Illuminate\\Http\\Request))
#46 E:\\semester 8\\CSE470\\470 project\\worketic\\vendor\\fideloper\\proxy\\src\\TrustProxies.php(57): Illuminate\\Routing\\Pipeline->Illuminate\\Routing\\{closure}(Object(Illuminate\\Http\\Request))
#47 E:\\semester 8\\CSE470\\470 project\\worketic\\vendor\\laravel\\framework\\src\\Illuminate\\Pipeline\\Pipeline.php(163): Fideloper\\Proxy\\TrustProxies->handle(Object(Illuminate\\Http\\Request), Object(Closure))
#48 E:\\semester 8\\CSE470\\470 project\\worketic\\vendor\\laravel\\framework\\src\\Illuminate\\Routing\\Pipeline.php(53): Illuminate\\Pipeline\\Pipeline->Illuminate\\Pipeline\\{closure}(Object(Illuminate\\Http\\Request))
#49 E:\\semester 8\\CSE470\\470 project\\worketic\\vendor\\laravel\\framework\\src\\Illuminate\\Foundation\\Http\\Middleware\\TransformsRequest.php(31): Illuminate\\Routing\\Pipeline->Illuminate\\Routing\\{closure}(Object(Illuminate\\Http\\Request))
#50 E:\\semester 8\\CSE470\\470 project\\worketic\\vendor\\laravel\\framework\\src\\Illuminate\\Pipeline\\Pipeline.php(163): Illuminate\\Foundation\\Http\\Middleware\\TransformsRequest->handle(Object(Illuminate\\Http\\Request), Object(Closure))
#51 E:\\semester 8\\CSE470\\470 project\\worketic\\vendor\\laravel\\framework\\src\\Illuminate\\Routing\\Pipeline.php(53): Illuminate\\Pipeline\\Pipeline->Illuminate\\Pipeline\\{closure}(Object(Illuminate\\Http\\Request))
#52 E:\\semester 8\\CSE470\\470 project\\worketic\\vendor\\laravel\\framework\\src\\Illuminate\\Foundation\\Http\\Middleware\\TransformsRequest.php(31): Illuminate\\Routing\\Pipeline->Illuminate\\Routing\\{closure}(Object(Illuminate\\Http\\Request))
#53 E:\\semester 8\\CSE470\\470 project\\worketic\\vendor\\laravel\\framework\\src\\Illuminate\\Pipeline\\Pipeline.php(163): Illuminate\\Foundation\\Http\\Middleware\\TransformsRequest->handle(Object(Illuminate\\Http\\Request), Object(Closure))
#54 E:\\semester 8\\CSE470\\470 project\\worketic\\vendor\\laravel\\framework\\src\\Illuminate\\Routing\\Pipeline.php(53): Illuminate\\Pipeline\\Pipeline->Illuminate\\Pipeline\\{closure}(Object(Illuminate\\Http\\Request))
#55 E:\\semester 8\\CSE470\\470 project\\worketic\\vendor\\laravel\\framework\\src\\Illuminate\\Foundation\\Http\\Middleware\\ValidatePostSize.php(27): Illuminate\\Routing\\Pipeline->Illuminate\\Routing\\{closure}(Object(Illuminate\\Http\\Request))
#56 E:\\semester 8\\CSE470\\470 project\\worketic\\vendor\\laravel\\framework\\src\\Illuminate\\Pipeline\\Pipeline.php(163): Illuminate\\Foundation\\Http\\Middleware\\ValidatePostSize->handle(Object(Illuminate\\Http\\Request), Object(Closure))
#57 E:\\semester 8\\CSE470\\470 project\\worketic\\vendor\\laravel\\framework\\src\\Illuminate\\Routing\\Pipeline.php(53): Illuminate\\Pipeline\\Pipeline->Illuminate\\Pipeline\\{closure}(Object(Illuminate\\Http\\Request))
#58 E:\\semester 8\\CSE470\\470 project\\worketic\\vendor\\laravel\\framework\\src\\Illuminate\\Foundation\\Http\\Middleware\\CheckForMaintenanceMode.php(62): Illuminate\\Routing\\Pipeline->Illuminate\\Routing\\{closure}(Object(Illuminate\\Http\\Request))
#59 E:\\semester 8\\CSE470\\470 project\\worketic\\vendor\\laravel\\framework\\src\\Illuminate\\Pipeline\\Pipeline.php(163): Illuminate\\Foundation\\Http\\Middleware\\CheckForMaintenanceMode->handle(Object(Illuminate\\Http\\Request), Object(Closure))
#60 E:\\semester 8\\CSE470\\470 project\\worketic\\vendor\\laravel\\framework\\src\\Illuminate\\Routing\\Pipeline.php(53): Illuminate\\Pipeline\\Pipeline->Illuminate\\Pipeline\\{closure}(Object(Illuminate\\Http\\Request))
#61 E:\\semester 8\\CSE470\\470 project\\worketic\\vendor\\laravel\\framework\\src\\Illuminate\\Pipeline\\Pipeline.php(104): Illuminate\\Routing\\Pipeline->Illuminate\\Routing\\{closure}(Object(Illuminate\\Http\\Request))
#62 E:\\semester 8\\CSE470\\470 project\\worketic\\vendor\\laravel\\framework\\src\\Illuminate\\Foundation\\Http\\Kernel.php(151): Illuminate\\Pipeline\\Pipeline->then(Object(Closure))
#63 E:\\semester 8\\CSE470\\470 project\\worketic\\vendor\\laravel\\framework\\src\\Illuminate\\Foundation\\Http\\Kernel.php(116): Illuminate\\Foundation\\Http\\Kernel->sendRequestThroughRouter(Object(Illuminate\\Http\\Request))
#64 E:\\semester 8\\CSE470\\470 project\\worketic\\public\\index.php(55): Illuminate\\Foundation\\Http\\Kernel->handle(Object(Illuminate\\Http\\Request))
#65 E:\\semester 8\\CSE470\\470 project\\worketic\\server.php(21): require_once('E:\\\\semester 8\\\\C...')
#66 {main}
"} 
